<?xml version="1.0" encoding="UTF-8"?>
<!-- Generated by org.testng.reporters.JUnitReportReporter -->
<testsuite hostname="LAPTOP-K938CU7E" failures="0" tests="2" name="TestNG2.Demo3" time="0.009" errors="0" timestamp="2023-07-17T15:04:19 IST" skipped="0">
  <testcase classname="TestNG2.Demo3" name="method5" time="0.008">
    <system-out>
      <![CDATA[this is method 5]]>
    </system-out>
  </testcase> <!-- method5 -->
  <testcase classname="TestNG2.Demo3" name="method6" time="0.001">
    <system-out>
      <![CDATA[this is method 6]]>
    </system-out>
  </testcase> <!-- method6 -->
  <system-out>
    <![CDATA[this is method 5
this is method 6
this is method 3
this is method 4
this is method1
this is method 2]]>
  </system-out>
</testsuite> <!-- TestNG2.Demo3 -->
