<?xml version="1.0" encoding="UTF-8"?>
<!-- Generated by org.testng.reporters.JUnitReportReporter -->
<testsuite hostname="LAPTOP-K938CU7E" failures="0" tests="1" name="TestngExecution.Test3" time="7.969" errors="0" timestamp="2023-07-18T14:32:08 IST" skipped="0">
  <testcase classname="TestngExecution.Test3" name="test3_method" time="7.969">
    <system-out>
      <![CDATA[this is Test3]]>
    </system-out>
  </testcase> <!-- test3_method -->
  <system-out>
    <![CDATA[this is Test3
this is test 2
this is Test1]]>
  </system-out>
</testsuite> <!-- TestngExecution.Test3 -->
