<?xml version="1.0" encoding="UTF-8"?>
<!-- Generated by org.testng.reporters.JUnitReportReporter -->
<testsuite hostname="LAPTOP-K938CU7E" failures="0" tests="2" name="TestNG2.Demo1" time="0.002" errors="0" timestamp="2023-07-17T15:04:19 IST" skipped="0">
  <testcase classname="TestNG2.Demo1" name="method2" time="0.001">
    <system-out>
      <![CDATA[this is method 2]]>
    </system-out>
  </testcase> <!-- method2 -->
  <testcase classname="TestNG2.Demo1" name="method1" time="0.001">
    <system-out>
      <![CDATA[this is method1]]>
    </system-out>
  </testcase> <!-- method1 -->
  <system-out>
    <![CDATA[this is method 5
this is method 6
this is method 3
this is method 4
this is method1
this is method 2]]>
  </system-out>
</testsuite> <!-- TestNG2.Demo1 -->
