<?xml version="1.0" encoding="UTF-8"?>
<!-- Generated by org.testng.reporters.JUnitReportReporter -->
<testsuite hostname="LAPTOP-K938CU7E" failures="0" tests="1" name="TestngExecution.Test1" time="31.691" errors="0" timestamp="2023-07-18T14:32:08 IST" skipped="0">
  <testcase classname="TestngExecution.Test1" name="test1_method" time="31.691">
    <system-out>
      <![CDATA[this is Test1]]>
    </system-out>
  </testcase> <!-- test1_method -->
  <system-out>
    <![CDATA[this is Test3
this is test 2
this is Test1]]>
  </system-out>
</testsuite> <!-- TestngExecution.Test1 -->
